<?xml version="1.0" encoding="UTF-8"?>
<!-- Generated by org.testng.reporters.JUnitReportReporter -->
<testsuite skipped="0" hostname="Keerthana" name="demos.DataProviderTest1" tests="3" failures="0" timestamp="12 Nov 2018 22:03:36 GMT" time="0.173" errors="0">
  <testcase name="VerifyInvalidLogin" time="0.044" classname="demos.DataProviderTest1"/>
  <testcase name="VerifyInvalidLogin" time="0.035" classname="demos.DataProviderTest1"/>
  <testcase name="VerifyInvalidLogin" time="0.094" classname="demos.DataProviderTest1"/>
</testsuite> <!-- demos.DataProviderTest1 -->
