<?xml version="1.0" encoding="UTF-8"?>
<!-- Generated by org.testng.reporters.JUnitReportReporter -->
<testsuite skipped="0" hostname="Keerthana" name="utils.ExtentReportDemo" tests="1" failures="0" timestamp="15 Nov 2018 18:21:12 GMT" time="0.467" errors="0">
  <testcase name="loginTest" time="0.467" classname="utils.ExtentReportDemo"/>
</testsuite> <!-- utils.ExtentReportDemo -->
