<?xml version="1.0" encoding="UTF-8"?>
<!-- Generated by org.testng.reporters.JUnitReportReporter -->
<testsuite skipped="0" hostname="Keerthana" name="demos.DataProvider" tests="3" failures="0" timestamp="03 Nov 2018 04:09:06 GMT" time="0.015" errors="0">
  <testcase name="VerifyInvalidLogin" time="0.013" classname="demos.DataProvider"/>
  <testcase name="VerifyInvalidLogin" time="0.001" classname="demos.DataProvider"/>
  <testcase name="VerifyInvalidLogin" time="0.001" classname="demos.DataProvider"/>
</testsuite> <!-- demos.DataProvider -->
