<?xml version="1.0" encoding="UTF-8"?>
<!-- Generated by org.testng.reporters.JUnitReportReporter -->
<testsuite skipped="0" hostname="DESKTOP-71NK5AF" name="com.webappsecurity.tests.ViewAccountSummary" tests="1" failures="0" timestamp="17 Sep 2019 19:34:36 GMT" time="1.633" errors="0">
  <testcase name="viewSummary" time="1.633" classname="com.webappsecurity.tests.ViewAccountSummary"/>
</testsuite> <!-- com.webappsecurity.tests.ViewAccountSummary -->
